============================= test session starts ==============================
platform darwin -- Python 3.12.7, pytest-8.4.2, pluggy-1.6.0 -- /opt/anaconda3/bin/python3.12
cachedir: .pytest_cache
metadata: {'Python': '3.12.7', 'Platform': 'macOS-26.1-x86_64-i386-64bit', 'Packages': {'pytest': '8.4.2', 'pluggy': '1.6.0'}, 'Plugins': {'mypy': '1.0.1', 'flake8': '1.3.0', 'pdb': '0.3.1', 'html': '4.1.1', 'env': '1.1.5', 'json-report': '1.5.0', 'httpx': '0.35.0', 'timeout': '2.4.0', 'metadata': '3.1.1', 'mimesis': '18.0.0', 'hypothesis': '6.100.0', 'clarity': '1.0.1', 'anyio': '4.10.0', 'black': '0.6.0', 'Faker': '37.3.0', 'mock': '3.14.1', 'factoryboy': '2.7.0', 'benchmark': '5.1.0', 'xdist': '3.5.0', 'typeguard': '4.4.4', 'testmon': '2.1.1', 'sugar': '0.9.7', 'bdd': '8.1.0', 'cov': '6.1.1', 'asyncio': '1.0.0', 'requests-mock': '1.12.1'}}
hypothesis profile 'default' -> database=DirectoryBasedExampleDatabase(PosixPath('/Users/robertstanley/Desktop/Cloud-Optimizer/.hypothesis/examples'))
benchmark: 5.1.0 (defaults: timer=time.perf_counter disable_gc=False min_rounds=5 min_time=0.000005 max_time=1.0 calibration_precision=10 warmup=False warmup_iterations=100000)
rootdir: /Users/robertstanley/Desktop/Cloud-Optimizer
configfile: pyproject.toml
plugins: mypy-1.0.1, flake8-1.3.0, pdb-0.3.1, html-4.1.1, env-1.1.5, json-report-1.5.0, httpx-0.35.0, timeout-2.4.0, metadata-3.1.1, mimesis-18.0.0, hypothesis-6.100.0, clarity-1.0.1, anyio-4.10.0, black-0.6.0, Faker-37.3.0, mock-3.14.1, factoryboy-2.7.0, benchmark-5.1.0, xdist-3.5.0, typeguard-4.4.4, testmon-2.1.1, sugar-0.9.7, bdd-8.1.0, cov-6.1.1, asyncio-1.0.0, requests-mock-1.12.1
asyncio: mode=Mode.AUTO, asyncio_default_fixture_loop_scope=None, asyncio_default_test_loop_scope=function
collecting ... collected 20 items

tests/ib_platform/nlu/test_intents.py::TestIntentEnum::test_intent_enum_values PASSED [  5%]
tests/ib_platform/nlu/test_intents.py::TestIntentEnum::test_intent_enum_count PASSED [ 10%]
tests/ib_platform/nlu/test_intents.py::TestIntentEnum::test_intent_string_conversion PASSED [ 15%]
tests/ib_platform/nlu/test_intents.py::TestIntentExamples::test_get_intent_examples_returns_list PASSED [ 20%]
tests/ib_platform/nlu/test_intents.py::TestIntentExamples::test_all_intents_have_examples PASSED [ 25%]
tests/ib_platform/nlu/test_intents.py::TestIntentExamples::test_security_advice_examples PASSED [ 30%]
tests/ib_platform/nlu/test_intents.py::TestIntentExamples::test_finding_explanation_examples PASSED [ 35%]
tests/ib_platform/nlu/test_intents.py::TestIntentExamples::test_compliance_question_examples PASSED [ 40%]
tests/ib_platform/nlu/test_intents.py::TestIntentExamples::test_document_analysis_examples PASSED [ 45%]
tests/ib_platform/nlu/test_intents.py::TestIntentExamples::test_cost_optimization_examples PASSED [ 50%]
tests/ib_platform/nlu/test_intents.py::TestIntentExamples::test_remediation_help_examples PASSED [ 55%]
tests/ib_platform/nlu/test_intents.py::TestIntentExamples::test_general_question_examples PASSED [ 60%]
tests/ib_platform/nlu/test_intents.py::TestIntentExamples::test_greeting_examples PASSED [ 65%]
tests/ib_platform/nlu/test_intents.py::TestIntentExamples::test_out_of_scope_examples PASSED [ 70%]
tests/ib_platform/nlu/test_intents.py::TestGetAllIntentExamples::test_returns_dict PASSED [ 75%]
tests/ib_platform/nlu/test_intents.py::TestGetAllIntentExamples::test_contains_all_intents PASSED [ 80%]
tests/ib_platform/nlu/test_intents.py::TestGetAllIntentExamples::test_returns_copy PASSED [ 85%]
tests/ib_platform/nlu/test_intents.py::TestGetIntentDescription::test_returns_string PASSED [ 90%]
tests/ib_platform/nlu/test_intents.py::TestGetIntentDescription::test_all_intents_have_descriptions PASSED [ 95%]
tests/ib_platform/nlu/test_intents.py::TestGetIntentDescription::test_descriptions_are_meaningful PASSED [100%]

============================== 20 passed in 0.20s ==============================
